<?xml version="1.0" encoding="UTF-8"?>
<testsuite name="pt.up.fe.ldts.example6.TreeTest" tests="6" skipped="0" failures="0" errors="0" timestamp="2021-12-21T00:42:02" hostname="DESKTOP-6QRG024" time="0.038">
  <properties/>
  <testcase name="testTreeSetLocation()" classname="pt.up.fe.ldts.example6.TreeTest" time="0.006"/>
  <testcase name="testToString()" classname="pt.up.fe.ldts.example6.TreeTest" time="0.001"/>
  <testcase name="testAddAppraisal()" classname="pt.up.fe.ldts.example6.TreeTest" time="0.002"/>
  <testcase name="testNextAppraisalNotOverdue()" classname="pt.up.fe.ldts.example6.TreeTest" time="0.001"/>
  <testcase name="testTreeCreation()" classname="pt.up.fe.ldts.example6.TreeTest" time="0.002"/>
  <testcase name="testNextAppraisalOverdue()" classname="pt.up.fe.ldts.example6.TreeTest" time="0.018"/>
  <system-out><![CDATA[]]></system-out>
  <system-err><![CDATA[]]></system-err>
</testsuite>
